Namespace(bs=64, gpu=True, model_name='resnet', num_epochs=50, patience=5, test_dir='data/test/', train_dir='data/train_wa/', valid_dir='data/valid/')
ep:0/50|et:14|losstr:0.58880|lossva:0.82482|accva:0.87519|aucva:0.89582|f1va:0.78238|p1va:0.90419|r1va:0.68950|
ep:1/50|et:14|losstr:0.37428|lossva:1.03918|accva:0.66568|aucva:0.91775|f1va:0.64455|p1va:0.49275|r1va:0.93151|
ep:2/50|et:14|losstr:0.25547|lossva:0.81732|accva:0.78158|aucva:0.92355|f1va:0.72626|p1va:0.61321|r1va:0.89041|
ep:3/50|et:14|losstr:0.17661|lossva:0.70793|accva:0.84993|aucva:0.86075|f1va:0.74430|p1va:0.83523|r1va:0.67123|
ep:4/50|et:14|losstr:0.14442|lossva:0.66956|accva:0.76672|aucva:0.85384|f1va:0.67894|p1va:0.61481|r1va:0.75799|
ep:5/50|et:14|losstr:0.11775|lossva:0.70806|accva:0.81129|aucva:0.92686|f1va:0.75435|p1va:0.65436|r1va:0.89041|
ep:6/50|et:14|losstr:0.08440|lossva:0.47160|accva:0.86924|aucva:0.88958|f1va:0.77889|p1va:0.86592|r1va:0.70776|
ep:7/50|et:14|losstr:0.15425|lossva:3.24250|accva:0.59138|aucva:0.90408|f1va:0.60545|p1va:0.44142|r1va:0.96347|
ep:8/50|et:14|losstr:0.13887|lossva:1.23860|accva:0.77117|aucva:0.91130|f1va:0.71375|p1va:0.60188|r1va:0.87671|
ep:9/50|et:14|losstr:0.12162|lossva:0.70141|accva:0.84250|aucva:0.86402|f1va:0.73762|p1va:0.80541|r1va:0.68037|
ep:10/50|et:14|losstr:0.11219|lossva:0.52308|accva:0.85290|aucva:0.90615|f1va:0.77951|p1va:0.76087|r1va:0.79909|
ep:11/50|et:14|losstr:0.06134|lossva:0.56452|accva:0.87370|aucva:0.92578|f1va:0.80370|p1va:0.81308|r1va:0.79452|
ep:12/50|et:14|losstr:0.03878|lossva:0.59771|accva:0.86627|aucva:0.90771|f1va:0.78873|p1va:0.81159|r1va:0.76712|
ep:13/50|et:14|losstr:0.03287|lossva:0.50460|accva:0.87816|aucva:0.92558|f1va:0.80569|p1va:0.83744|r1va:0.77626|
ep:14/50|et:14|losstr:0.02739|lossva:0.53846|accva:0.86181|aucva:0.88182|f1va:0.76215|p1va:0.86628|r1va:0.68037|
ep:15/50|et:14|losstr:0.02592|lossva:0.70141|accva:0.86330|aucva:0.93171|f1va:0.80000|p1va:0.76349|r1va:0.84018|
ep:16/50|et:14|losstr:0.02008|lossva:0.62793|accva:0.86776|aucva:0.93059|f1va:0.79634|p1va:0.79817|r1va:0.79452|
ep:17/50|et:14|losstr:0.04100|lossva:1.97346|accva:0.71620|aucva:0.89509|f1va:0.67126|p1va:0.53867|r1va:0.89041|
ep:18/50|et:14|losstr:0.07541|lossva:3.02358|accva:0.64785|aucva:0.94111|f1va:0.64468|p1va:0.47991|r1va:0.98174|
=========================stopping early=========================
=========================best at ep13=========================
=========================retraining using all data=========================
ep:0/13|losstr:0.29024
ep:1/13|losstr:0.15762
ep:2/13|losstr:0.04928
ep:3/13|losstr:0.05188
ep:4/13|losstr:0.12957
ep:5/13|losstr:0.09073
ep:6/13|losstr:0.03503
ep:7/13|losstr:0.02482
ep:8/13|losstr:0.01913
ep:9/13|losstr:0.02025
ep:10/13|losstr:0.06733
ep:11/13|losstr:0.05430
ep:12/13|losstr:0.03645
=========================test performance=========================
losste:0.31923|accte:0.93841|aucte:0.92519|f1te:0.77922|p1te:0.85714|r1te:0.71429|
