Namespace(bs=64, gpu=True, model_name='mnasnet', num_epochs=50, patience=5, test_dir='data/test/', train_dir='data/train_wa/', valid_dir='data/valid/')
ep:0/50|et:15|losstr:0.81114|lossva:144238.71875|accva:0.55275|aucva:0.51146|f1va:0.30485|p1va:0.30841|r1va:0.30137|
ep:1/50|et:13|losstr:0.46150|lossva:125594.12500|accva:0.37593|aucva:0.49639|f1va:0.49881|p1va:0.33764|r1va:0.95434|
ep:2/50|et:13|losstr:0.30473|lossva:1252884.37500|accva:0.67311|aucva:0.46818|f1va:0.01786|p1va:0.40000|r1va:0.00913|
ep:3/50|et:13|losstr:0.24418|lossva:24456930.00000|accva:0.60921|aucva:0.53637|f1va:0.18069|p1va:0.28431|r1va:0.13242|
ep:4/50|et:13|losstr:0.26087|lossva:6136126.00000|accva:0.32541|aucva:0.52194|f1va:0.49103|p1va:0.32541|r1va:1.00000|
ep:5/50|et:13|losstr:0.25257|lossva:2503880.00000|accva:0.32541|aucva:0.64313|f1va:0.49103|p1va:0.32541|r1va:1.00000|
ep:6/50|et:13|losstr:0.17553|lossva:30979422.00000|accva:0.32541|aucva:0.62179|f1va:0.49103|p1va:0.32541|r1va:1.00000|
ep:7/50|et:13|losstr:0.14120|lossva:23496366.00000|accva:0.67905|aucva:0.65402|f1va:0.47573|p1va:0.50777|r1va:0.44749|
ep:8/50|et:13|losstr:0.09873|lossva:112465888.00000|accva:0.32541|aucva:0.64106|f1va:0.49103|p1va:0.32541|r1va:1.00000|
ep:9/50|et:13|losstr:0.15594|lossva:249688752.00000|accva:0.32541|aucva:0.57342|f1va:0.49103|p1va:0.32541|r1va:1.00000|
ep:10/50|et:13|losstr:0.13714|lossva:212725344.00000|accva:0.32541|aucva:0.50151|f1va:0.49103|p1va:0.32541|r1va:1.00000|
ep:11/50|et:13|losstr:0.08300|lossva:376094208.00000|accva:0.32541|aucva:0.45158|f1va:0.49103|p1va:0.32541|r1va:1.00000|
ep:12/50|et:13|losstr:0.07643|lossva:410794976.00000|accva:0.32541|aucva:0.51493|f1va:0.49103|p1va:0.32541|r1va:1.00000|
ep:13/50|et:13|losstr:0.09435|lossva:16466714.00000|accva:0.32541|aucva:0.65120|f1va:0.49103|p1va:0.32541|r1va:1.00000|
ep:14/50|et:13|losstr:0.08041|lossva:56003128.00000|accva:0.32541|aucva:0.64750|f1va:0.49103|p1va:0.32541|r1va:1.00000|
ep:15/50|et:13|losstr:0.03625|lossva:57280696.00000|accva:0.32541|aucva:0.70761|f1va:0.49103|p1va:0.32541|r1va:1.00000|
ep:16/50|et:13|losstr:0.03873|lossva:106828008.00000|accva:0.32541|aucva:0.72551|f1va:0.49103|p1va:0.32541|r1va:1.00000|
ep:17/50|et:13|losstr:0.05381|lossva:42676468.00000|accva:0.32541|aucva:0.50975|f1va:0.49103|p1va:0.32541|r1va:1.00000|
ep:18/50|et:13|losstr:0.05309|lossva:13912929.00000|accva:0.32541|aucva:0.57359|f1va:0.49103|p1va:0.32541|r1va:1.00000|
ep:19/50|et:13|losstr:0.03773|lossva:42807388.00000|accva:0.32541|aucva:0.80738|f1va:0.49103|p1va:0.32541|r1va:1.00000|
ep:20/50|et:13|losstr:0.04510|lossva:89257056.00000|accva:0.32541|aucva:0.80216|f1va:0.49103|p1va:0.32541|r1va:1.00000|
ep:21/50|et:13|losstr:0.05152|lossva:181044720.00000|accva:0.32541|aucva:0.80454|f1va:0.49103|p1va:0.32541|r1va:1.00000|
ep:22/50|et:13|losstr:0.03468|lossva:85959448.00000|accva:0.32541|aucva:0.81848|f1va:0.49103|p1va:0.32541|r1va:1.00000|
ep:23/50|et:13|losstr:0.01785|lossva:63104912.00000|accva:0.32541|aucva:0.84935|f1va:0.49103|p1va:0.32541|r1va:1.00000|
=========================stopping early=========================
=========================best at ep18=========================
=========================retraining using all data=========================
ep:0/18|losstr:0.29005
ep:1/18|losstr:0.14749
ep:2/18|losstr:0.07189
ep:3/18|losstr:0.09062
ep:4/18|losstr:0.05407
ep:5/18|losstr:0.01772
ep:6/18|losstr:0.01166
ep:7/18|losstr:0.01480
ep:8/18|losstr:0.10817
ep:9/18|losstr:0.13252
ep:10/18|losstr:0.05215
ep:11/18|losstr:0.06148
ep:12/18|losstr:0.05975
ep:13/18|losstr:0.04713
ep:14/18|losstr:0.06597
ep:15/18|losstr:0.03695
ep:16/18|losstr:0.01653
ep:17/18|losstr:0.00895
=========================test performance=========================
losste:107471576.00000|accte:0.15217|aucte:0.57809|f1te:0.26415|p1te:0.15217|r1te:1.00000|
