Namespace(bs=64, gpu=True, model_name='densenet', num_epochs=50, patience=5, test_dir='data/test/', train_dir='data/train_wa/', valid_dir='data/valid/')
ep:0/50|et:17|losstr:0.47944|lossva:13.96641|accva:0.33581|aucva:0.93189|f1va:0.49492|p1va:0.32883|r1va:1.00000|
ep:1/50|et:15|losstr:0.24805|lossva:0.51150|accva:0.79049|aucva:0.95215|f1va:0.74503|p1va:0.61677|r1va:0.94064|
ep:2/50|et:15|losstr:0.14792|lossva:0.60956|accva:0.80386|aucva:0.94956|f1va:0.75646|p1va:0.63467|r1va:0.93607|
ep:3/50|et:15|losstr:0.09836|lossva:0.37470|accva:0.88559|aucva:0.92090|f1va:0.80407|p1va:0.90805|r1va:0.72146|
ep:4/50|et:15|losstr:0.08875|lossva:0.47904|accva:0.81278|aucva:0.94369|f1va:0.75862|p1va:0.65347|r1va:0.90411|
ep:5/50|et:15|losstr:0.05753|lossva:0.31791|accva:0.89747|aucva:0.94430|f1va:0.83765|p1va:0.86408|r1va:0.81279|
ep:6/50|et:15|losstr:0.04685|lossva:0.43643|accva:0.87816|aucva:0.93492|f1va:0.81364|p1va:0.80995|r1va:0.81735|
ep:7/50|et:15|losstr:0.04494|lossva:0.82445|accva:0.80832|aucva:0.94784|f1va:0.75978|p1va:0.64151|r1va:0.93151|
ep:8/50|et:15|losstr:0.08680|lossva:2.57164|accva:0.58692|aucva:0.95036|f1va:0.60955|p1va:0.44016|r1va:0.99087|
ep:9/50|et:15|losstr:0.09701|lossva:0.51890|accva:0.89450|aucva:0.93753|f1va:0.84327|p1va:0.81624|r1va:0.87215|
ep:10/50|et:15|losstr:0.07404|lossva:0.35948|accva:0.88113|aucva:0.92705|f1va:0.81818|p1va:0.81448|r1va:0.82192|
ep:11/50|et:15|losstr:0.04430|lossva:0.43916|accva:0.88262|aucva:0.94474|f1va:0.82637|p1va:0.79661|r1va:0.85845|
ep:12/50|et:15|losstr:0.03411|lossva:0.41562|accva:0.87073|aucva:0.94764|f1va:0.81290|p1va:0.76829|r1va:0.86301|
ep:13/50|et:15|losstr:0.01923|lossva:0.37416|accva:0.88856|aucva:0.93727|f1va:0.81752|p1va:0.87500|r1va:0.76712|
ep:14/50|et:15|losstr:0.01864|lossva:0.38653|accva:0.90193|aucva:0.94889|f1va:0.84434|p1va:0.87317|r1va:0.81735|
ep:15/50|et:15|losstr:0.00923|lossva:0.42532|accva:0.89747|aucva:0.94766|f1va:0.84701|p1va:0.82328|r1va:0.87215|
ep:16/50|et:15|losstr:0.01939|lossva:0.76475|accva:0.85884|aucva:0.94828|f1va:0.80962|p1va:0.72143|r1va:0.92237|
ep:17/50|et:15|losstr:0.02229|lossva:0.47193|accva:0.90045|aucva:0.95230|f1va:0.85011|p1va:0.83333|r1va:0.86758|
ep:18/50|et:15|losstr:0.01666|lossva:0.53907|accva:0.88113|aucva:0.91387|f1va:0.80000|p1va:0.88398|r1va:0.73059|
=========================stopping early=========================
=========================best at ep13=========================
=========================retraining using all data=========================
ep:0/13|losstr:0.23294
ep:1/13|losstr:0.10462
ep:2/13|losstr:0.04529
ep:3/13|losstr:0.03642
ep:4/13|losstr:0.02794
ep:5/13|losstr:0.04501
ep:6/13|losstr:0.05776
ep:7/13|losstr:0.12189
ep:8/13|losstr:0.04465
ep:9/13|losstr:0.04146
ep:10/13|losstr:0.01189
ep:11/13|losstr:0.01164
ep:12/13|losstr:0.00902
=========================test performance=========================
losste:0.33599|accte:0.92210|aucte:0.92275|f1te:0.69930|p1te:0.84746|r1te:0.59524|
