Namespace(bs=64, gpu=True, model_name='shufflenet', num_epochs=50, patience=5, test_dir='data/test/', train_dir='data/train_wa/', valid_dir='data/valid/')
ep:0/50|et:12|losstr:0.67556|lossva:4.46799|accva:0.67459|aucva:0.51879|f1va:0.00000|p1va:0.00000|r1va:0.00000|
/home/hiremas1/.local/lib/python3.7/site-packages/sklearn/metrics/_classification.py:1221: UndefinedMetricWarning: Precision is ill-defined and being set to 0.0 due to no predicted samples. Use `zero_division` parameter to control this behavior.
  _warn_prf(average, modifier, msg_start, len(result))
ep:1/50|et:12|losstr:0.63022|lossva:0.66392|accva:0.67459|aucva:0.44633|f1va:0.00000|p1va:0.00000|r1va:0.00000|
/home/hiremas1/.local/lib/python3.7/site-packages/sklearn/metrics/_classification.py:1221: UndefinedMetricWarning: Precision is ill-defined and being set to 0.0 due to no predicted samples. Use `zero_division` parameter to control this behavior.
  _warn_prf(average, modifier, msg_start, len(result))
ep:2/50|et:12|losstr:0.62204|lossva:2.88238|accva:0.66865|aucva:0.61074|f1va:0.13900|p1va:0.45000|r1va:0.08219|
ep:3/50|et:12|losstr:0.60174|lossva:2.00432|accva:0.68499|aucva:0.64105|f1va:0.36145|p1va:0.53097|r1va:0.27397|
ep:4/50|et:12|losstr:0.54399|lossva:0.80751|accva:0.61367|aucva:0.78938|f1va:0.58599|p1va:0.44988|r1va:0.84018|
ep:5/50|et:12|losstr:0.48696|lossva:10.50888|accva:0.41010|aucva:0.77010|f1va:0.52226|p1va:0.35458|r1va:0.99087|
ep:6/50|et:12|losstr:0.41171|lossva:5.12316|accva:0.48886|aucva:0.85488|f1va:0.55784|p1va:0.38819|r1va:0.99087|
ep:7/50|et:12|losstr:0.39015|lossva:4.21474|accva:0.39673|aucva:0.85769|f1va:0.51667|p1va:0.34944|r1va:0.99087|
ep:8/50|et:12|losstr:0.40253|lossva:3.51163|accva:0.48143|aucva:0.89659|f1va:0.55541|p1va:0.38516|r1va:0.99543|
ep:9/50|et:12|losstr:0.32251|lossva:0.40472|accva:0.86033|aucva:0.88104|f1va:0.76500|p1va:0.84530|r1va:0.69863|
ep:10/50|et:12|losstr:0.35061|lossva:4.95102|accva:0.69688|aucva:0.64533|f1va:0.14286|p1va:0.89474|r1va:0.07763|
ep:11/50|et:12|losstr:0.34482|lossva:3.49068|accva:0.50074|aucva:0.85005|f1va:0.56250|p1va:0.39344|r1va:0.98630|
ep:12/50|et:12|losstr:0.31020|lossva:4.74120|accva:0.40267|aucva:0.89035|f1va:0.52143|p1va:0.35266|r1va:1.00000|
ep:13/50|et:12|losstr:0.27732|lossva:1.77147|accva:0.61664|aucva:0.89027|f1va:0.61607|p1va:0.45695|r1va:0.94521|
ep:14/50|et:12|losstr:0.26103|lossva:2.46276|accva:0.58247|aucva:0.84851|f1va:0.59914|p1va:0.43568|r1va:0.95890|
ep:15/50|et:12|losstr:0.21912|lossva:0.67181|accva:0.82169|aucva:0.86629|f1va:0.63855|p1va:0.93805|r1va:0.48402|
ep:16/50|et:12|losstr:0.26915|lossva:1.49580|accva:0.70579|aucva:0.90867|f1va:0.67327|p1va:0.52713|r1va:0.93151|
ep:17/50|et:12|losstr:0.25914|lossva:1.25242|accva:0.77563|aucva:0.75316|f1va:0.48814|p1va:0.94737|r1va:0.32877|
ep:18/50|et:12|losstr:0.21971|lossva:7.38282|accva:0.36256|aucva:0.87953|f1va:0.50290|p1va:0.33696|r1va:0.99087|
ep:19/50|et:12|losstr:0.22715|lossva:4.47116|accva:0.45765|aucva:0.86602|f1va:0.53503|p1va:0.37102|r1va:0.95890|
ep:20/50|et:12|losstr:0.21566|lossva:1.54002|accva:0.82615|aucva:0.79277|f1va:0.68966|p1va:0.82278|r1va:0.59361|
=========================stopping early=========================
=========================best at ep15=========================
=========================retraining using all data=========================
ep:0/15|losstr:0.29154
ep:1/15|losstr:0.24035
ep:2/15|losstr:0.22586
ep:3/15|losstr:0.20034
ep:4/15|losstr:0.22212
ep:5/15|losstr:0.19451
ep:6/15|losstr:0.18933
ep:7/15|losstr:0.20448
ep:8/15|losstr:0.22217
ep:9/15|losstr:0.17471
ep:10/15|losstr:0.12407
ep:11/15|losstr:0.11993
ep:12/15|losstr:0.15780
ep:13/15|losstr:0.15572
ep:14/15|losstr:0.16170
=========================test performance=========================
losste:0.31134|accte:0.90942|aucte:0.87228|f1te:0.67949|p1te:0.73611|r1te:0.63095|
